2016-07-10 14:25:10,126 INFO o.a.r.s.Main [main] =================================================================
2016-07-10 14:25:10,126 INFO o.a.r.s.Main [main] =================================================================
2016-07-10 14:25:10,136 INFO o.a.r.s.Main [main] Photonic3D started
2016-07-10 14:25:10,136 INFO o.a.r.s.Main [main] =================================================================
2016-07-10 14:25:10,136 INFO o.a.r.s.Main [main] =================================================================
2016-07-10 14:25:12,398 INFO o.a.r.d.UPNPAdvertiser [main] Relative UPNP root descriptor: /dev/152be35d-032f-6e40-0000-0000203b1340/desc
2016-07-10 14:25:18,014 INFO o.a.r.s.PrintableService [qtp128359175-18] Loaded printable file: C:\Users\Robin\AppData\Local\Temp\uploaddir\half kerkje.stl
2016-07-10 14:25:18,017 INFO o.a.r.s.PrintableService [qtp128359175-18] Loaded printable file: C:\Users\Robin\AppData\Local\Temp\uploaddir\hoek assen frame CCM.STL
2016-07-10 14:25:18,018 INFO o.a.r.s.PrintableService [qtp128359175-18] Loaded printable file: C:\Users\Robin\AppData\Local\Temp\uploaddir\inklemming lager kooi.STL
2016-07-10 14:25:18,018 INFO o.a.r.s.PrintableService [qtp128359175-18] Loaded printable file: C:\Users\Robin\AppData\Local\Temp\uploaddir\stuur onderdeel final.stl
2016-07-10 14:25:18,019 INFO o.a.r.s.PrintableService [qtp128359175-18] Loaded printable file: C:\Users\Robin\AppData\Local\Temp\uploaddir\tekst.stl
2016-07-10 14:25:18,020 INFO o.a.r.s.PrintableService [qtp128359175-18] Loaded printable file: C:\Users\Robin\AppData\Local\Temp\uploaddir\wig (1).STL
2016-07-10 14:25:20,101 INFO o.a.r.s.HostProperties [qtp128359175-18] Created .machine for:C:\Users\Robin\Machines\Photocentric 10.machine
2016-07-10 14:25:20,105 INFO o.a.r.s.HostProperties [qtp128359175-22] Created .slicing for:C:\Users\Robin\Profiles\Hard daylight red 0.1.slicing
2016-07-10 14:25:20,118 INFO o.a.r.s.HostProperties [qtp128359175-22] Created .slicing for:C:\Users\Robin\Profiles\Photocentric 10.slicing
2016-07-10 14:25:24,546 INFO o.a.r.s.PrintableService [qtp128359175-20] Loaded printable file: C:\Users\Robin\AppData\Local\Temp\uploaddir\half kerkje.stl
2016-07-10 14:25:24,546 INFO o.a.r.s.PrintableService [qtp128359175-20] Loaded printable file: C:\Users\Robin\AppData\Local\Temp\uploaddir\hoek assen frame CCM.STL
2016-07-10 14:25:24,547 INFO o.a.r.s.PrintableService [qtp128359175-20] Loaded printable file: C:\Users\Robin\AppData\Local\Temp\uploaddir\inklemming lager kooi.STL
2016-07-10 14:25:24,547 INFO o.a.r.s.PrintableService [qtp128359175-20] Loaded printable file: C:\Users\Robin\AppData\Local\Temp\uploaddir\stuur onderdeel final.stl
2016-07-10 14:25:24,547 INFO o.a.r.s.PrintableService [qtp128359175-20] Loaded printable file: C:\Users\Robin\AppData\Local\Temp\uploaddir\tekst.stl
2016-07-10 14:25:24,547 INFO o.a.r.s.PrintableService [qtp128359175-20] Loaded printable file: C:\Users\Robin\AppData\Local\Temp\uploaddir\wig (1).STL
2016-07-10 18:43:07,829 INFO o.a.r.s.Main [main] =================================================================
2016-07-10 18:43:07,830 INFO o.a.r.s.Main [main] =================================================================
2016-07-10 18:43:07,830 INFO o.a.r.s.Main [main] Photonic3D started
2016-07-10 18:43:07,830 INFO o.a.r.s.Main [main] =================================================================
2016-07-10 18:43:07,830 INFO o.a.r.s.Main [main] =================================================================
2016-07-10 18:43:10,043 ERROR o.a.r.s.Main [main] Error starting Photonic3D http server
java.net.BindException: Address already in use: bind
	at sun.nio.ch.Net.bind0(Native Method) ~[?:1.8.0_92]
	at sun.nio.ch.Net.bind(Net.java:433) ~[?:1.8.0_92]
	at sun.nio.ch.Net.bind(Net.java:425) ~[?:1.8.0_92]
	at sun.nio.ch.ServerSocketChannelImpl.bind(ServerSocketChannelImpl.java:223) ~[?:1.8.0_92]
	at sun.nio.ch.ServerSocketAdaptor.bind(ServerSocketAdaptor.java:74) ~[?:1.8.0_92]
	at org.eclipse.jetty.server.ServerConnector.open(ServerConnector.java:326) ~[jetty-server-9.3.7.v20160115.jar:9.3.7.v20160115]
	at org.eclipse.jetty.server.AbstractNetworkConnector.doStart(AbstractNetworkConnector.java:80) ~[jetty-server-9.3.7.v20160115.jar:9.3.7.v20160115]
	at org.eclipse.jetty.server.ServerConnector.doStart(ServerConnector.java:244) ~[jetty-server-9.3.7.v20160115.jar:9.3.7.v20160115]
	at org.eclipse.jetty.util.component.AbstractLifeCycle.start(AbstractLifeCycle.java:68) ~[jetty-util-9.3.7.v20160115.jar:9.3.7.v20160115]
	at org.eclipse.jetty.server.Server.doStart(Server.java:384) ~[jetty-server-9.3.7.v20160115.jar:9.3.7.v20160115]
	at org.eclipse.jetty.util.component.AbstractLifeCycle.start(AbstractLifeCycle.java:68) ~[jetty-util-9.3.7.v20160115.jar:9.3.7.v20160115]
	at org.area515.resinprinter.server.Main.main(Main.java:146) [main/:?]
2016-07-10 18:43:10,342 ERROR o.a.r.d.UPNPAdvertiser [main] Couldn't advertise URI:
2016-07-10 18:43:10,342 ERROR o.a.r.p.FeatureManager [main] Couldn't start feature
java.lang.RuntimeException: Couldn't advertise URI:http://192.168.56.1:9091
	at org.area515.resinprinter.discover.UPNPAdvertiser.start(UPNPAdvertiser.java:119) ~[main/:?]
	at org.area515.resinprinter.plugin.FeatureManager.start(FeatureManager.java:26) [main/:?]
	at org.area515.resinprinter.server.Main.main(Main.java:152) [main/:?]
2016-07-10 18:43:49,972 INFO o.a.r.s.PrintableService [qtp128359175-61] Loaded printable file: C:\Users\Robin\AppData\Local\Temp\uploaddir\half kerkje.stl
2016-07-10 18:43:49,972 INFO o.a.r.s.PrintableService [qtp128359175-61] Loaded printable file: C:\Users\Robin\AppData\Local\Temp\uploaddir\hoek assen frame CCM.STL
2016-07-10 18:43:49,973 INFO o.a.r.s.PrintableService [qtp128359175-61] Loaded printable file: C:\Users\Robin\AppData\Local\Temp\uploaddir\inklemming lager kooi.STL
2016-07-10 18:43:49,973 INFO o.a.r.s.PrintableService [qtp128359175-61] Loaded printable file: C:\Users\Robin\AppData\Local\Temp\uploaddir\stuur onderdeel final.stl
2016-07-10 18:43:49,973 INFO o.a.r.s.PrintableService [qtp128359175-61] Loaded printable file: C:\Users\Robin\AppData\Local\Temp\uploaddir\tekst.stl
2016-07-10 18:43:49,974 INFO o.a.r.s.PrintableService [qtp128359175-61] Loaded printable file: C:\Users\Robin\AppData\Local\Temp\uploaddir\wig (1).STL
2016-07-10 18:43:51,842 INFO o.a.r.s.HostProperties [qtp128359175-62] Created .machine for:C:\Users\Robin\Machines\Photocentric 10.machine
2016-07-10 18:43:51,867 INFO o.a.r.s.HostProperties [qtp128359175-59] Created .slicing for:C:\Users\Robin\Profiles\Hard daylight red 0.1.slicing
2016-07-10 18:43:51,876 INFO o.a.r.s.HostProperties [qtp128359175-59] Created .slicing for:C:\Users\Robin\Profiles\Photocentric 10.slicing
2016-07-10 18:43:53,248 INFO o.a.r.s.PrintableService [qtp128359175-313] Loaded printable file: C:\Users\Robin\AppData\Local\Temp\uploaddir\half kerkje.stl
2016-07-10 18:43:53,249 INFO o.a.r.s.PrintableService [qtp128359175-313] Loaded printable file: C:\Users\Robin\AppData\Local\Temp\uploaddir\hoek assen frame CCM.STL
2016-07-10 18:43:53,249 INFO o.a.r.s.PrintableService [qtp128359175-313] Loaded printable file: C:\Users\Robin\AppData\Local\Temp\uploaddir\inklemming lager kooi.STL
2016-07-10 18:43:53,250 INFO o.a.r.s.PrintableService [qtp128359175-313] Loaded printable file: C:\Users\Robin\AppData\Local\Temp\uploaddir\stuur onderdeel final.stl
2016-07-10 18:43:53,250 INFO o.a.r.s.PrintableService [qtp128359175-313] Loaded printable file: C:\Users\Robin\AppData\Local\Temp\uploaddir\tekst.stl
2016-07-10 18:43:53,250 INFO o.a.r.s.PrintableService [qtp128359175-313] Loaded printable file: C:\Users\Robin\AppData\Local\Temp\uploaddir\wig (1).STL
